c:\users\kalic\desktop\artificial bee colony - project\artificial bee colony - project\debug\artificial bee colony - project.pch
c:\users\kalic\desktop\artificial bee colony - project\artificial bee colony - project\debug\vc141.pdb
c:\users\kalic\desktop\artificial bee colony - project\artificial bee colony - project\debug\vc141.idb
c:\users\kalic\desktop\artificial bee colony - project\artificial bee colony - project\debug\stdafx.obj
c:\users\kalic\desktop\artificial bee colony - project\artificial bee colony - project\debug\solution.obj
c:\users\kalic\desktop\artificial bee colony - project\artificial bee colony - project\debug\setupparams.obj
c:\users\kalic\desktop\artificial bee colony - project\artificial bee colony - project\debug\problem.obj
c:\users\kalic\desktop\artificial bee colony - project\artificial bee colony - project\debug\myalgorithm.obj
c:\users\kalic\desktop\artificial bee colony - project\artificial bee colony - project\debug\benchmark.obj
c:\users\kalic\desktop\artificial bee colony - project\artificial bee colony - project\debug\artificial bee colony - project.obj
c:\users\kalic\desktop\artificial bee colony - project\debug\artificial bee colony - project.exe
c:\users\kalic\desktop\artificial bee colony - project\debug\artificial bee colony - project.ilk
c:\users\kalic\desktop\artificial bee colony - project\debug\artificial bee colony - project.pdb
c:\users\kalic\desktop\artificial bee colony - project\artificial bee colony - project\debug\myalgorithm.obj.enc
c:\users\kalic\desktop\artificial bee colony - project\artificial bee colony - project\debug\artifici.fd435a1e.tlog\cl.command.1.tlog
c:\users\kalic\desktop\artificial bee colony - project\artificial bee colony - project\debug\artifici.fd435a1e.tlog\cl.read.1.tlog
c:\users\kalic\desktop\artificial bee colony - project\artificial bee colony - project\debug\artifici.fd435a1e.tlog\cl.write.1.tlog
c:\users\kalic\desktop\artificial bee colony - project\artificial bee colony - project\debug\artifici.fd435a1e.tlog\link.command.1.tlog
c:\users\kalic\desktop\artificial bee colony - project\artificial bee colony - project\debug\artifici.fd435a1e.tlog\link.read.1.tlog
c:\users\kalic\desktop\artificial bee colony - project\artificial bee colony - project\debug\artifici.fd435a1e.tlog\link.write.1.tlog
